<?xml version="1.0" encoding="UTF-8"?>
<testng-results skipped="0" failed="0" ignored="0" total="3" passed="3">
  <reporter-output>
  </reporter-output>
  <suite name="Suite" duration-ms="15211" started-at="2021-01-16T00:35:24 IST" finished-at="2021-01-16T00:35:39 IST">
    <groups>
    </groups>
    <test name="Test" duration-ms="15211" started-at="2021-01-16T00:35:24 IST" finished-at="2021-01-16T00:35:39 IST">
      <class name="MavenScript">
        <test-method status="PASS" signature="login()[pri:1, instance:MavenScript@48503868]" name="login" duration-ms="9684" started-at="2021-01-16T00:35:24 IST" finished-at="2021-01-16T00:35:34 IST">
          <reporter-output>
          </reporter-output>
        </test-method> <!-- login -->
        <test-method status="PASS" signature="logOut()[pri:2, instance:MavenScript@48503868]" name="logOut" duration-ms="1062" started-at="2021-01-16T00:35:34 IST" finished-at="2021-01-16T00:35:35 IST">
          <reporter-output>
          </reporter-output>
        </test-method> <!-- logOut -->
      </class> <!-- MavenScript -->
      <class name="MavenCode">
        <test-method status="PASS" signature="login()[pri:1, instance:MavenCode@6895a785]" name="login" duration-ms="4431" started-at="2021-01-16T00:35:35 IST" finished-at="2021-01-16T00:35:39 IST">
          <reporter-output>
          </reporter-output>
        </test-method> <!-- login -->
      </class> <!-- MavenCode -->
    </test> <!-- Test -->
  </suite> <!-- Suite -->
</testng-results>
